<?xml version="1.0" encoding="UTF-8" ?>
<testsuite tests="5" failures="0" name="harry.test.FileUtilsTest" time="1.595" errors="0" skipped="0">
  <properties>
    <property name="java.runtime.name" value="Java(TM) SE Runtime Environment"/>
    <property name="sun.boot.library.path" value="C:\Program Files\Java\jdk1.8.0_92\bin"/>
    <property name="java.vm.version" value="25.92-b14"/>
    <property name="java.vm.vendor" value="Oracle Corporation"/>
    <property name="java.vendor.url" value="http://java.oracle.com/"/>
    <property name="path.separator" value=";"/>
    <property name="java.vm.name" value="Java HotSpot(TM) 64-Bit Server VM"/>
    <property name="file.encoding.pkg" value="sun.io"/>
    <property name="user.script" value=""/>
    <property name="user.country" value="CN"/>
    <property name="sun.java.launcher" value="SUN_STANDARD"/>
    <property name="sun.os.patch.level" value="Service Pack 1"/>
    <property name="java.vm.specification.name" value="Java Virtual Machine Specification"/>
    <property name="user.dir" value="E:\eclipse\workspace\Utils"/>
    <property name="java.runtime.version" value="1.8.0_92-b14"/>
    <property name="java.awt.graphicsenv" value="sun.awt.Win32GraphicsEnvironment"/>
    <property name="basedir" value="E:\eclipse\workspace\Utils"/>
    <property name="java.endorsed.dirs" value="C:\Program Files\Java\jdk1.8.0_92\lib\endorsed"/>
    <property name="os.arch" value="amd64"/>
    <property name="surefire.real.class.path" value="C:\Users\ADMINI~1\AppData\Local\Temp\surefirebooter6731983144696533409.jar"/>
    <property name="java.io.tmpdir" value="C:\Users\ADMINI~1\AppData\Local\Temp\"/>
    <property name="line.separator" value="
"/>
    <property name="java.vm.specification.vendor" value="Oracle Corporation"/>
    <property name="user.variant" value=""/>
    <property name="os.name" value="Windows 7"/>
    <property name="sun.jnu.encoding" value="GBK"/>
    <property name="java.library.path" value="C:\Program Files\Java\jdk1.8.0_92\bin;C:\Windows\Sun\Java\bin;C:\Windows\system32;C:\Windows;C:/Program Files/Java/jdk1.8.0_92/bin/server;C:/Program Files/Java/jdk1.8.0_92/bin;C:/Program Files/Java/jdk1.8.0_92/lib/amd64;C:\ProgramData\Oracle\Java\javapath;C:\Program Files\Common Files\Oracle\Java\javapath;C:\Windows\system32;C:\Windows;C:\Windows\System32\Wbem;C:\Windows\System32\WindowsPowerShell\v1.0\;C:\Program Files (x86)\ATI Technologies\ATI.ACE\Core-Static;E:\Program Files\Microsoft SQL Server\Client SDK\ODBC\110\Tools\Binn\;E:\Program Files (x86)\Microsoft SQL Server\120\Tools\Binn\;E:\Program Files\Microsoft SQL Server\120\Tools\Binn\;E:\Program Files\Microsoft SQL Server\120\DTS\Binn\;E:\Program Files (x86)\Microsoft SQL Server\120\Tools\Binn\ManagementStudio\;E:\Program Files (x86)\Microsoft SQL Server\120\DTS\Binn\;C:\Program Files\dotnet\;E:\Program Files\Microsoft SQL Server\130\Tools\Binn\;E:\Program Files\Microsoft SQL Server\Client SDK\ODBC\170\Tools\Binn\;D:\nodejs\;D:\Go\bin;E:\Program Files\GTK2-Runtime Win64\bin;C:\Program Files\Java\jdk-11.0.9\bin;E:\mysql-8.0.18-winx64\bin;D:\apache-maven-3.3.9\bin;D:\apache-ant-1.10.3\bin;E:\neo4j-community-4.2.1\\bin;E:\apache-tomcat-8.5.5\bin;E:\solr-8.7.0\bin;E:\elasticsearch-7.10.1\bin;E:\kibana-7.10.1-windows-x86_64\bin;C:\Program Files (x86)\Tencent\QQGameTempest\Hall.57768\;E:\Fiddler;D:\Python38;D:\Python38\Scripts;C:\Users\Administrator\.dotnet\tools;D:\nodejs\node_global;C:\Users\Administrator\go\bin;E:\eclipse;;."/>
    <property name="surefire.test.class.path" value="E:\eclipse\workspace\Utils\target\test-classes;E:\eclipse\workspace\Utils\target\classes;D:\.m2\repository\org\springframework\spring-core\4.3.4.RELEASE\spring-core-4.3.4.RELEASE.jar;D:\.m2\repository\commons-logging\commons-logging\1.2\commons-logging-1.2.jar;D:\.m2\repository\commons-io\commons-io\2.2\commons-io-2.2.jar;D:\.m2\repository\junit\junit\4.12\junit-4.12.jar;D:\.m2\repository\org\hamcrest\hamcrest-core\1.3\hamcrest-core-1.3.jar;D:\.m2\repository\org\mybatis\mybatis\3.4.4\mybatis-3.4.4.jar;D:\.m2\repository\org\acegisecurity\acegi-security\1.0.7\acegi-security-1.0.7.jar;D:\.m2\repository\org\springframework\spring-remoting\1.2.9\spring-remoting-1.2.9.jar;D:\.m2\repository\org\springframework\spring-aop\1.2.9\spring-aop-1.2.9.jar;D:\.m2\repository\org\springframework\spring-beans\1.2.9\spring-beans-1.2.9.jar;D:\.m2\repository\org\springframework\spring-context\1.2.9\spring-context-1.2.9.jar;D:\.m2\repository\org\springframework\spring-jdbc\1.2.9\spring-jdbc-1.2.9.jar;D:\.m2\repository\org\springframework\spring-dao\1.2.9\spring-dao-1.2.9.jar;D:\.m2\repository\org\springframework\spring-support\1.2.9\spring-support-1.2.9.jar;D:\.m2\repository\commons-lang\commons-lang\2.1\commons-lang-2.1.jar;D:\.m2\repository\commons-codec\commons-codec\1.3\commons-codec-1.3.jar;D:\.m2\repository\oro\oro\2.0.8\oro-2.0.8.jar;D:\.m2\repository\commons-collections\commons-collections\3.1\commons-collections-3.1.jar;D:\.m2\repository\log4j\log4j\1.2.9\log4j-1.2.9.jar;"/>
    <property name="java.specification.name" value="Java Platform API Specification"/>
    <property name="java.class.version" value="52.0"/>
    <property name="sun.management.compiler" value="HotSpot 64-Bit Tiered Compilers"/>
    <property name="os.version" value="6.1"/>
    <property name="user.home" value="C:\Users\Administrator"/>
    <property name="user.timezone" value=""/>
    <property name="java.awt.printerjob" value="sun.awt.windows.WPrinterJob"/>
    <property name="java.specification.version" value="1.8"/>
    <property name="file.encoding" value="GBK"/>
    <property name="user.name" value="Administrator"/>
    <property name="java.class.path" value="E:\eclipse\workspace\Utils\target\test-classes;E:\eclipse\workspace\Utils\target\classes;D:\.m2\repository\org\springframework\spring-core\4.3.4.RELEASE\spring-core-4.3.4.RELEASE.jar;D:\.m2\repository\commons-logging\commons-logging\1.2\commons-logging-1.2.jar;D:\.m2\repository\commons-io\commons-io\2.2\commons-io-2.2.jar;D:\.m2\repository\junit\junit\4.12\junit-4.12.jar;D:\.m2\repository\org\hamcrest\hamcrest-core\1.3\hamcrest-core-1.3.jar;D:\.m2\repository\org\mybatis\mybatis\3.4.4\mybatis-3.4.4.jar;D:\.m2\repository\org\acegisecurity\acegi-security\1.0.7\acegi-security-1.0.7.jar;D:\.m2\repository\org\springframework\spring-remoting\1.2.9\spring-remoting-1.2.9.jar;D:\.m2\repository\org\springframework\spring-aop\1.2.9\spring-aop-1.2.9.jar;D:\.m2\repository\org\springframework\spring-beans\1.2.9\spring-beans-1.2.9.jar;D:\.m2\repository\org\springframework\spring-context\1.2.9\spring-context-1.2.9.jar;D:\.m2\repository\org\springframework\spring-jdbc\1.2.9\spring-jdbc-1.2.9.jar;D:\.m2\repository\org\springframework\spring-dao\1.2.9\spring-dao-1.2.9.jar;D:\.m2\repository\org\springframework\spring-support\1.2.9\spring-support-1.2.9.jar;D:\.m2\repository\commons-lang\commons-lang\2.1\commons-lang-2.1.jar;D:\.m2\repository\commons-codec\commons-codec\1.3\commons-codec-1.3.jar;D:\.m2\repository\oro\oro\2.0.8\oro-2.0.8.jar;D:\.m2\repository\commons-collections\commons-collections\3.1\commons-collections-3.1.jar;D:\.m2\repository\log4j\log4j\1.2.9\log4j-1.2.9.jar;"/>
    <property name="java.vm.specification.version" value="1.8"/>
    <property name="sun.arch.data.model" value="64"/>
    <property name="java.home" value="C:\Program Files\Java\jdk1.8.0_92"/>
    <property name="sun.java.command" value="C:\Users\ADMINI~1\AppData\Local\Temp\surefirebooter6731983144696533409.jar C:\Users\ADMINI~1\AppData\Local\Temp\surefire5436318843464959687tmp C:\Users\ADMINI~1\AppData\Local\Temp\surefire6198055387937929977tmp"/>
    <property name="java.specification.vendor" value="Oracle Corporation"/>
    <property name="user.language" value="zh"/>
    <property name="awt.toolkit" value="sun.awt.windows.WToolkit"/>
    <property name="java.vm.info" value="mixed mode"/>
    <property name="java.version" value="1.8.0_92"/>
    <property name="java.ext.dirs" value="C:\Program Files\Java\jdk1.8.0_92\lib\ext;C:\Windows\Sun\Java\lib\ext"/>
    <property name="sun.boot.class.path" value="C:\Program Files\Java\jdk1.8.0_92\lib\resources.jar;C:\Program Files\Java\jdk1.8.0_92\lib\rt.jar;C:\Program Files\Java\jdk1.8.0_92\lib\sunrsasign.jar;C:\Program Files\Java\jdk1.8.0_92\lib\jsse.jar;C:\Program Files\Java\jdk1.8.0_92\lib\jce.jar;C:\Program Files\Java\jdk1.8.0_92\lib\charsets.jar;C:\Program Files\Java\jdk1.8.0_92\lib\jfr.jar;C:\Program Files\Java\jdk1.8.0_92\classes"/>
    <property name="java.vendor" value="Oracle Corporation"/>
    <property name="localRepository" value="D:\.m2\repository"/>
    <property name="file.separator" value="\"/>
    <property name="java.vendor.url.bug" value="http://bugreport.sun.com/bugreport/"/>
    <property name="sun.cpu.endian" value="little"/>
    <property name="sun.io.unicode.encoding" value="UnicodeLittle"/>
    <property name="sun.desktop" value="windows"/>
    <property name="sun.cpu.isalist" value="amd64"/>
  </properties>
  <testcase classname="harry.test.FileUtilsTest" name="testIsArithmeticProgression" time="0.003"/>
  <testcase classname="harry.test.FileUtilsTest" name="testWrite" time="0"/>
  <testcase classname="harry.test.FileUtilsTest" name="testDeleteEndWithFile" time="0"/>
  <testcase classname="harry.test.FileUtilsTest" name="clean" time="1.429"/>
  <testcase classname="harry.test.FileUtilsTest" name="testRemove" time="0"/>
</testsuite>